<?xml version="1.0" encoding="UTF-8"?>
<coverage generated="1712808467985" clover="3.2.0">
  <project timestamp="1712808467985" name="All files">
    <metrics statements="22" coveredstatements="22" conditionals="3" coveredconditionals="3" methods="2" coveredmethods="2" elements="27" coveredelements="27" complexity="0" loc="22" ncloc="22" packages="1" files="2" classes="2"/>
    <file name="deepClone.ts" path="C:\Users\ADMIN\Documents\Research\jest-learning\src\app\utils\deepClone.ts">
      <metrics statements="4" coveredstatements="4" conditionals="3" coveredconditionals="3" methods="1" coveredmethods="1"/>
      <line num="1" count="1" type="stmt"/>
      <line num="2" count="3" type="cond" truecount="3" falsecount="0"/>
      <line num="3" count="1" type="stmt"/>
      <line num="6" count="2" type="stmt"/>
    </file>
    <file name="vietnameseNonAccent.ts" path="C:\Users\ADMIN\Documents\Research\jest-learning\src\app\utils\vietnameseNonAccent.ts">
      <metrics statements="18" coveredstatements="18" conditionals="0" coveredconditionals="0" methods="1" coveredmethods="1"/>
      <line num="1" count="1" type="stmt"/>
      <line num="2" count="3" type="stmt"/>
      <line num="3" count="3" type="stmt"/>
      <line num="4" count="3" type="stmt"/>
      <line num="5" count="3" type="stmt"/>
      <line num="6" count="3" type="stmt"/>
      <line num="7" count="3" type="stmt"/>
      <line num="8" count="3" type="stmt"/>
      <line num="9" count="3" type="stmt"/>
      <line num="10" count="3" type="stmt"/>
      <line num="11" count="3" type="stmt"/>
      <line num="12" count="3" type="stmt"/>
      <line num="13" count="3" type="stmt"/>
      <line num="14" count="3" type="stmt"/>
      <line num="15" count="3" type="stmt"/>
      <line num="16" count="3" type="stmt"/>
      <line num="17" count="3" type="stmt"/>
      <line num="18" count="3" type="stmt"/>
    </file>
  </project>
</coverage>
