{"C:\\Users\\ADMIN\\Documents\\Research\\jest-learning\\src\\app\\utils\\deepClone.ts": {"path":"C:\\Users\\ADMIN\\Documents\\Research\\jest-learning\\src\\app\\utils\\deepClone.ts","statementMap":{"0":{"start":{"line":2,"column":4},"end":{"line":4,"column":5}},"1":{"start":{"line":3,"column":8},"end":{"line":3,"column":51}},"2":{"start":{"line":6,"column":4},"end":{"line":6,"column":46}},"3":{"start":{"line":1,"column":0},"end":{"line":1,"column":16}}},"fnMap":{"0":{"name":"deepClone","decl":{"start":{"line":1,"column":16},"end":{"line":1,"column":25}},"loc":{"start":{"line":1,"column":53},"end":{"line":7,"column":1}}}},"branchMap":{"0":{"loc":{"start":{"line":2,"column":4},"end":{"line":4,"column":5}},"type":"if","locations":[{"start":{"line":2,"column":4},"end":{"line":4,"column":5}}]},"1":{"loc":{"start":{"line":2,"column":8},"end":{"line":2,"column":64}},"type":"binary-expr","locations":[{"start":{"line":2,"column":8},"end":{"line":2,"column":34}},{"start":{"line":2,"column":38},"end":{"line":2,"column":64}}]}},"s":{"0":3,"1":1,"2":2,"3":1},"f":{"0":3},"b":{"0":[1],"1":[3,2]}}
,"C:\\Users\\ADMIN\\Documents\\Research\\jest-learning\\src\\app\\utils\\vietnameseNonAccent.ts": {"path":"C:\\Users\\ADMIN\\Documents\\Research\\jest-learning\\src\\app\\utils\\vietnameseNonAccent.ts","statementMap":{"0":{"start":{"line":2,"column":4},"end":{"line":2,"column":61}},"1":{"start":{"line":3,"column":4},"end":{"line":3,"column":65}},"2":{"start":{"line":4,"column":4},"end":{"line":4,"column":50}},"3":{"start":{"line":5,"column":4},"end":{"line":5,"column":53}},"4":{"start":{"line":6,"column":4},"end":{"line":6,"column":41}},"5":{"start":{"line":7,"column":4},"end":{"line":7,"column":41}},"6":{"start":{"line":8,"column":4},"end":{"line":8,"column":61}},"7":{"start":{"line":9,"column":4},"end":{"line":9,"column":65}},"8":{"start":{"line":10,"column":4},"end":{"line":10,"column":51}},"9":{"start":{"line":11,"column":4},"end":{"line":11,"column":53}},"10":{"start":{"line":12,"column":4},"end":{"line":12,"column":41}},"11":{"start":{"line":13,"column":4},"end":{"line":13,"column":41}},"12":{"start":{"line":14,"column":4},"end":{"line":14,"column":33}},"13":{"start":{"line":15,"column":4},"end":{"line":15,"column":33}},"14":{"start":{"line":16,"column":4},"end":{"line":16,"column":65}},"15":{"start":{"line":17,"column":4},"end":{"line":17,"column":51}},"16":{"start":{"line":18,"column":4},"end":{"line":18,"column":15}},"17":{"start":{"line":1,"column":0},"end":{"line":1,"column":16}}},"fnMap":{"0":{"name":"toNonAccentVietnamese","decl":{"start":{"line":1,"column":16},"end":{"line":1,"column":37}},"loc":{"start":{"line":1,"column":49},"end":{"line":19,"column":1}}}},"branchMap":{},"s":{"0":3,"1":3,"2":3,"3":3,"4":3,"5":3,"6":3,"7":3,"8":3,"9":3,"10":3,"11":3,"12":3,"13":3,"14":3,"15":3,"16":3,"17":1},"f":{"0":3},"b":{}}
}
